Array
(
    [ChatUser] => Array
        (
            [ID] => 6
            [email] => director@softinvest.by
            [password] => ###
            [dob] => 
            [token] => 54cc067520d62d7786d26a752702d4a7
            [name] => director
            [access_level] => 0
            [email_notification] => 1
            [ticket_responses] => 0
            [IP] => 178.172.217.22
            [bio_pic] => 
            [default_ticket_category] => 0
            [locked_category] => 0
            [konstr_user_id] => 71
            [id] => 6
        )

    [Avatar] => Array
        (
            [url] => /img/temp/6.jpg
        )

)
